<testsuite errors="0" failures="0" name="net.davidtucker.max2011.TestApp" tests="1" time="0">
  <testcase name="testNothing" time="0"/>
</testsuite>